#
# A fatal error has been detected by the Java Runtime Environment:
#
#  SIGSEGV (0xb) at pc=0xb6d49414, pid=31906, tid=3062950768
#
# JRE version: 6.0_25-b06
# Java VM: Java HotSpot(TM) Server VM (20.0-b11 mixed mode linux-x86 )
# Problematic frame:
# V  [libjvm.so+0x414414]  jni_invoke_nonstatic(JNIEnv_*, JavaValue*, _jobject*, JNICallType, _jmethodID*, JNI_ArgumentPusher*, Thread*)+0x114
#
# If you would like to submit a bug report, please visit:
#   http://java.sun.com/webapps/bugreport/crash.jsp
#

---------------  T H R E A D  ---------------

Current thread (0x09451000):  JavaThread "main" [_thread_in_vm, id=31911, stack(0xb68be000,0xb690f000)]

siginfo:si_signo=SIGSEGV: si_errno=0, si_code=1 (SEGV_MAPERR), si_addr=0x00000014

Registers:
EAX=0xb690dec4, EBX=0xb7136bc8, ECX=0x0000000c, EDX=0x00000001
ESP=0xb690de70, EBP=0xb690df38, ESI=0x094516e8, EDI=0xb690de90
EIP=0xb6d49414, EFLAGS=0x00010203, CR2=0x00000014

Top of Stack: (sp=0xb690de70)
0xb690de70:   156b2bb8 b68851c0 00000008 b690dec0
0xb690de80:   00000001 094516e4 094516e8 00000274
0xb690de90:   094fe590 b76c4568 b6885500 b7566f50
0xb690dea0:   b6885220 00000001 b7715ff4 b690dfa0
0xb690deb0:   094fe430 b690df74 b7702b82 b690df64
0xb690dec0:   b6885220 094516e4 b7716a74 00000000
0xb690ded0:   094fe590 00000005 00000000 00000001
0xb690dee0:   094fe278 b6900178 094fe3d4 00000000 

Instructions: (pc=0xb6d49414)
0xb6d493f4:   45 b8 8b b5 4c ff ff ff 89 34 b8 8d bd 58 ff ff
0xb6d49404:   ff 8b 55 c0 8b b5 50 ff ff ff 42 89 55 c0 8b 0e
0xb6d49414:   8b 41 08 8b 51 0c 83 c2 28 66 8b 40 2a 51 25 ff
0xb6d49424:   ff 00 00 8b 04 82 50 8b 45 20 50 57 e8 bb 5b 25 

Register to memory mapping:

EAX=0xb690dec4 is pointing into the stack for thread: 0x09451000
EBX=0xb7136bc8: <offset 0x801bc8> in /home/guohai/dev/a/java/jdk1.6.0_25/jre/lib/i386/server/libjvm.so at 0xb6935000
ECX=0x0000000c is an unknown value
EDX=0x00000001 is an unknown value
ESP=0xb690de70 is pointing into the stack for thread: 0x09451000
EBP=0xb690df38 is pointing into the stack for thread: 0x09451000
ESI=0x094516e8 is an unknown value
EDI=0xb690de90 is pointing into the stack for thread: 0x09451000


Stack: [0xb68be000,0xb690f000],  sp=0xb690de70,  free space=319k
Native frames: (J=compiled Java code, j=interpreted, Vv=VM code, C=native code)
V  [libjvm.so+0x414414]  jni_invoke_nonstatic(JNIEnv_*, JavaValue*, _jobject*, JNICallType, _jmethodID*, JNI_ArgumentPusher*, Thread*)+0x114
V  [libjvm.so+0x3f743e]  unsigned+0x14e
C  [libHelloJNI.so+0xbfb]  Java_org_xkit_demo_jni_HelloJNI_call+0x7b
j  org.xkit.demo.jni.HelloJNI.call()V+0
j  org.xkit.demo.jni.HelloJNI.main([Ljava/lang/String;)V+79
v  ~StubRoutines::call_stub
V  [libjvm.so+0x3dfed1]  JavaCalls::call_helper(JavaValue*, methodHandle*, JavaCallArguments*, Thread*)+0x1c1
V  [libjvm.so+0x5e10f8]  os::os_exception_wrapper(void (*)(JavaValue*, methodHandle*, JavaCallArguments*, Thread*), JavaValue*, methodHandle*, JavaCallArguments*, Thread*)+0x18
V  [libjvm.so+0x3dfcff]  JavaCalls::call(JavaValue*, methodHandle, JavaCallArguments*, Thread*)+0x2f
V  [libjvm.so+0x414244]  jni_invoke_static(JNIEnv_*, JavaValue*, _jobject*, JNICallType, _jmethodID*, JNI_ArgumentPusher*, Thread*)+0x124
V  [libjvm.so+0x40386c]  unsigned+0x14c
C  [java+0x1b98]  JavaMain+0x2c8
C  [libpthread.so.0+0x5cc9]  short+0xd9

Java frames: (J=compiled Java code, j=interpreted, Vv=VM code)
j  org.xkit.demo.jni.HelloJNI.call()V+0
j  org.xkit.demo.jni.HelloJNI.main([Ljava/lang/String;)V+79
v  ~StubRoutines::call_stub

---------------  P R O C E S S  ---------------

Java Threads: ( => current thread )
  0x094e8c00 JavaThread "Low Memory Detector" daemon [_thread_blocked, id=31920, stack(0x9055f000,0x905b0000)]
  0x094e7000 JavaThread "C2 CompilerThread1" daemon [_thread_blocked, id=31919, stack(0x905b0000,0x90631000)]
  0x094e5000 JavaThread "C2 CompilerThread0" daemon [_thread_blocked, id=31918, stack(0x90631000,0x906b2000)]
  0x094e3800 JavaThread "Signal Dispatcher" daemon [_thread_blocked, id=31917, stack(0x90e13000,0x90e64000)]
  0x094d2000 JavaThread "Finalizer" daemon [_thread_blocked, id=31916, stack(0x90a45000,0x90a96000)]
  0x094d0800 JavaThread "Reference Handler" daemon [_thread_blocked, id=31915, stack(0x90a96000,0x90ae7000)]
=>0x09451000 JavaThread "main" [_thread_in_vm, id=31911, stack(0xb68be000,0xb690f000)]

Other Threads:
  0x094ccc00 VMThread [stack: 0x90ae7000,0x90b68000] [id=31914]
  0x094eac00 WatcherThread [stack: 0x904de000,0x9055f000] [id=31921]

VM state:not at safepoint (normal execution)

VM Mutex/Monitor currently owned by a thread: None

Heap
 PSYoungGen      total 9088K, used 313K [0xa9570000, 0xa9f90000, 0xb3770000)
  eden space 7808K, 4% used [0xa9570000,0xa95be560,0xa9d10000)
  from space 1280K, 0% used [0xa9e50000,0xa9e50000,0xa9f90000)
  to   space 1280K, 0% used [0xa9d10000,0xa9d10000,0xa9e50000)
 PSOldGen        total 20736K, used 0K [0x95170000, 0x965b0000, 0xa9570000)
  object space 20736K, 0% used [0x95170000,0x95170000,0x965b0000)
 PSPermGen       total 16384K, used 1748K [0x91170000, 0x92170000, 0x95170000)
  object space 16384K, 10% used [0x91170000,0x91325310,0x92170000)

Code Cache  [0xb383a000, 0xb3a7a000, 0xb683a000)
 total_blobs=90 nmethods=0 adapters=58 free_code_cache=50039104 largest_free_block=0

Dynamic libraries:
08048000-08052000 r-xp 00000000 08:08 379998     /home/guohai/dev/a/java/jdk1.6.0_25/bin/java
08052000-08053000 rwxp 00009000 08:08 379998     /home/guohai/dev/a/java/jdk1.6.0_25/bin/java
0944b000-0951f000 rwxp 00000000 00:00 0          [heap]
904de000-904df000 ---p 00000000 00:00 0 
904df000-9055f000 rwxp 00000000 00:00 0 
9055f000-90562000 ---p 00000000 00:00 0 
90562000-905b0000 rwxp 00000000 00:00 0 
905b0000-905b3000 ---p 00000000 00:00 0 
905b3000-90631000 rwxp 00000000 00:00 0 
90631000-90634000 ---p 00000000 00:00 0 
90634000-906b2000 rwxp 00000000 00:00 0 
906b2000-90845000 r-xp 0069a000 08:07 15434      /usr/lib/locale/locale-archive
90845000-90a45000 r-xp 00000000 08:07 15434      /usr/lib/locale/locale-archive
90a45000-90a48000 ---p 00000000 00:00 0 
90a48000-90a96000 rwxp 00000000 00:00 0 
90a96000-90a99000 ---p 00000000 00:00 0 
90a99000-90ae7000 rwxp 00000000 00:00 0 
90ae7000-90ae8000 ---p 00000000 00:00 0 
90ae8000-90b68000 rwxp 00000000 00:00 0 
90b68000-90d00000 r-xs 0302a000 08:08 378667     /home/guohai/dev/a/java/jdk1.6.0_25/jre/lib/rt.jar
90d00000-90d21000 rwxp 00000000 00:00 0 
90d21000-90e00000 ---p 00000000 00:00 0 
90e13000-90e16000 ---p 00000000 00:00 0 
90e16000-90e98000 rwxp 00000000 00:00 0 
90e98000-90e99000 ---p 00000000 00:00 0 
90e99000-90f19000 rwxp 00000000 00:00 0 
90f19000-90f1a000 ---p 00000000 00:00 0 
90f1a000-90fa2000 rwxp 00000000 00:00 0 
90fa2000-90fba000 rwxp 00000000 00:00 0 
90fba000-90fc5000 rwxp 00000000 00:00 0 
90fc5000-9105c000 rwxp 00000000 00:00 0 
9105c000-91064000 rwxp 00000000 00:00 0 
91064000-9107c000 rwxp 00000000 00:00 0 
9107c000-91087000 rwxp 00000000 00:00 0 
91087000-9111e000 rwxp 00000000 00:00 0 
9111e000-91124000 rwxp 00000000 00:00 0 
91124000-9116f000 rwxp 00000000 00:00 0 
9116f000-92170000 rwxp 00000000 00:00 0 
92170000-95170000 rwxp 00000000 00:00 0 
95170000-965b0000 rwxp 00000000 00:00 0 
965b0000-a9570000 rwxp 00000000 00:00 0 
a9570000-a9f90000 rwxp 00000000 00:00 0 
a9f90000-b3770000 rwxp 00000000 00:00 0 
b377a000-b3783000 rwxp 00000000 00:00 0 
b3783000-b383a000 rwxp 00000000 00:00 0 
b383a000-b3a7a000 rwxp 00000000 00:00 0 
b3a7a000-b683a000 rwxp 00000000 00:00 0 
b683a000-b6849000 r-xp 00000000 08:08 378741     /home/guohai/dev/a/java/jdk1.6.0_25/jre/lib/i386/libzip.so
b6849000-b684b000 rwxp 0000e000 08:08 378741     /home/guohai/dev/a/java/jdk1.6.0_25/jre/lib/i386/libzip.so
b684b000-b6855000 r-xp 00000000 08:07 9600       /lib/libnss_files-2.12.1.so
b6855000-b6856000 r-xp 00009000 08:07 9600       /lib/libnss_files-2.12.1.so
b6856000-b6857000 rwxp 0000a000 08:07 9600       /lib/libnss_files-2.12.1.so
b6857000-b6860000 r-xp 00000000 08:07 9602       /lib/libnss_nis-2.12.1.so
b6860000-b6861000 r-xp 00008000 08:07 9602       /lib/libnss_nis-2.12.1.so
b6861000-b6862000 rwxp 00009000 08:07 9602       /lib/libnss_nis-2.12.1.so
b6862000-b6875000 r-xp 00000000 08:07 9597       /lib/libnsl-2.12.1.so
b6875000-b6876000 r-xp 00012000 08:07 9597       /lib/libnsl-2.12.1.so
b6876000-b6877000 rwxp 00013000 08:07 9597       /lib/libnsl-2.12.1.so
b6877000-b6879000 rwxp 00000000 00:00 0 
b6885000-b6886000 r-xp 00000000 08:08 186462     /home/guohai/dev/workspace/github/0x01/hello-jni/jni/libHelloJNI.so
b6886000-b6887000 r-xp 00000000 08:08 186462     /home/guohai/dev/workspace/github/0x01/hello-jni/jni/libHelloJNI.so
b6887000-b6888000 rwxp 00001000 08:08 186462     /home/guohai/dev/workspace/github/0x01/hello-jni/jni/libHelloJNI.so
b6888000-b6890000 rwxs 00000000 08:07 173063     /tmp/hsperfdata_guohai/31906
b6890000-b68b3000 r-xp 00000000 08:08 378737     /home/guohai/dev/a/java/jdk1.6.0_25/jre/lib/i386/libjava.so
b68b3000-b68b5000 rwxp 00023000 08:08 378737     /home/guohai/dev/a/java/jdk1.6.0_25/jre/lib/i386/libjava.so
b68b5000-b68bc000 r-xp 00000000 08:07 9607       /lib/librt-2.12.1.so
b68bc000-b68bd000 r-xp 00006000 08:07 9607       /lib/librt-2.12.1.so
b68bd000-b68be000 rwxp 00007000 08:07 9607       /lib/librt-2.12.1.so
b68be000-b68c1000 ---p 00000000 00:00 0 
b68c1000-b690f000 rwxp 00000000 00:00 0 
b690f000-b6933000 r-xp 00000000 08:07 9595       /lib/libm-2.12.1.so
b6933000-b6934000 r-xp 00023000 08:07 9595       /lib/libm-2.12.1.so
b6934000-b6935000 rwxp 00024000 08:07 9595       /lib/libm-2.12.1.so
b6935000-b70e7000 r-xp 00000000 08:08 378714     /home/guohai/dev/a/java/jdk1.6.0_25/jre/lib/i386/server/libjvm.so
b70e7000-b713b000 rwxp 007b1000 08:08 378714     /home/guohai/dev/a/java/jdk1.6.0_25/jre/lib/i386/server/libjvm.so
b713b000-b755a000 rwxp 00000000 00:00 0 
b755a000-b76b1000 r-xp 00000000 08:07 9590       /lib/libc-2.12.1.so
b76b1000-b76b3000 r-xp 00157000 08:07 9590       /lib/libc-2.12.1.so
b76b3000-b76b4000 rwxp 00159000 08:07 9590       /lib/libc-2.12.1.so
b76b4000-b76b7000 rwxp 00000000 00:00 0 
b76b7000-b76b9000 r-xp 00000000 08:07 9594       /lib/libdl-2.12.1.so
b76b9000-b76ba000 r-xp 00001000 08:07 9594       /lib/libdl-2.12.1.so
b76ba000-b76bb000 rwxp 00002000 08:07 9594       /lib/libdl-2.12.1.so
b76bb000-b76c2000 r-xp 00000000 08:08 378739     /home/guohai/dev/a/java/jdk1.6.0_25/jre/lib/i386/jli/libjli.so
b76c2000-b76c4000 rwxp 00006000 08:08 378739     /home/guohai/dev/a/java/jdk1.6.0_25/jre/lib/i386/jli/libjli.so
b76c4000-b76c5000 rwxp 00000000 00:00 0 
b76c5000-b76da000 r-xp 00000000 08:07 9605       /lib/libpthread-2.12.1.so
b76da000-b76db000 ---p 00015000 08:07 9605       /lib/libpthread-2.12.1.so
b76db000-b76dc000 r-xp 00015000 08:07 9605       /lib/libpthread-2.12.1.so
b76dc000-b76dd000 rwxp 00016000 08:07 9605       /lib/libpthread-2.12.1.so
b76dd000-b76e0000 rwxp 00000000 00:00 0 
b76e0000-b76e6000 r-xp 00000000 08:07 9598       /lib/libnss_compat-2.12.1.so
b76e6000-b76e7000 r-xp 00006000 08:07 9598       /lib/libnss_compat-2.12.1.so
b76e7000-b76e8000 rwxp 00007000 08:07 9598       /lib/libnss_compat-2.12.1.so
b76e8000-b76e9000 rwxp 00000000 00:00 0 
b76e9000-b76ea000 r-xp 00000000 00:00 0 
b76ea000-b76f5000 r-xp 00000000 08:08 378736     /home/guohai/dev/a/java/jdk1.6.0_25/jre/lib/i386/libverify.so
b76f5000-b76f6000 rwxp 0000b000 08:08 378736     /home/guohai/dev/a/java/jdk1.6.0_25/jre/lib/i386/libverify.so
b76f6000-b76f8000 rwxp 00000000 00:00 0 
b76f8000-b76f9000 r-xp 00000000 00:00 0          [vdso]
b76f9000-b7715000 r-xp 00000000 08:07 9585       /lib/ld-2.12.1.so
b7715000-b7716000 r-xp 0001b000 08:07 9585       /lib/ld-2.12.1.so
b7716000-b7717000 rwxp 0001c000 08:07 9585       /lib/ld-2.12.1.so
bff46000-bff67000 rwxp 00000000 00:00 0          [stack]

VM Arguments:
jvm_args: -Djava.library.path=/home/guohai/dev/workspace/github/0x01/hello-jni/jni -Dfile.encoding=UTF-8 
java_command: org.xkit.demo.jni.HelloJNI
Launcher Type: SUN_STANDARD

Environment Variables:
JAVA_HOME=/home/guohai/dev/a/java/jdk1.6.0_25
JRE_HOME=/home/guohai/dev/a/java/jdk1.6.0_25/jre
CLASSPATH=.:/home/guohai/dev/a/java/jdk1.6.0_25/lib/dt.jar:/home/guohai/dev/a/java/jdk1.6.0_25/lib/tools.jar:
PATH=/home/guohai/dev/a/java/jdk1.6.0_25/jre/bin:/home/guohai/dev/a/java/jdk1.6.0_25/bin:/home/guohai/dev/a/ant-1.8.2/bin:/home/guohai/dev/a/groovy-1.7.6/bin:/home/guohai/dev/a/android-sdk-linux/tools:/home/guohai/dev/a/android-sdk-linux/platform-tools:/home/guohai/apps/apache-tomcat-5.5.28/bin:/usr/local/mysql/bin:/home/guohai/dev/a/apktool:/home/guohai/apps/volcano/nginx/sbin:/home/guohai/apps/bin:/home/guohai/dev/a/android-ndk-r7:/usr/local/sbin:/usr/local/bin:/usr/sbin:/usr/bin:/sbin:/bin:/usr/games:/opt/real/RealPlayer
USERNAME=guohai
LD_LIBRARY_PATH=/home/guohai/dev/a/java/jdk1.6.0_25/jre/lib/i386/server:/home/guohai/dev/a/java/jdk1.6.0_25/jre/lib/i386:/home/guohai/dev/a/java/jdk1.6.0_25/jre/../lib/i386:/home/guohai/dev/a/java/jdk1.6.0_25/jre/lib/i386/client:/home/guohai/dev/a/java/jdk1.6.0_25/jre/lib/i386:
SHELL=/bin/bash
DISPLAY=:0.0

Signal Handlers:
SIGSEGV: [libjvm.so+0x725370], sa_mask[0]=0x7ffbfeff, sa_flags=0x10000004
SIGBUS: [libjvm.so+0x725370], sa_mask[0]=0x7ffbfeff, sa_flags=0x10000004
SIGFPE: [libjvm.so+0x5dfd80], sa_mask[0]=0x7ffbfeff, sa_flags=0x10000004
SIGPIPE: [libjvm.so+0x5dfd80], sa_mask[0]=0x7ffbfeff, sa_flags=0x10000004
SIGXFSZ: [libjvm.so+0x5dfd80], sa_mask[0]=0x7ffbfeff, sa_flags=0x10000004
SIGILL: [libjvm.so+0x5dfd80], sa_mask[0]=0x7ffbfeff, sa_flags=0x10000004
SIGUSR1: SIG_DFL, sa_mask[0]=0x00000000, sa_flags=0x00000000
SIGUSR2: [libjvm.so+0x5e2fc0], sa_mask[0]=0x00000004, sa_flags=0x10000004
SIGHUP: [libjvm.so+0x5e2ba0], sa_mask[0]=0x7ffbfeff, sa_flags=0x10000004
SIGINT: [libjvm.so+0x5e2ba0], sa_mask[0]=0x7ffbfeff, sa_flags=0x10000004
SIGTERM: [libjvm.so+0x5e2ba0], sa_mask[0]=0x7ffbfeff, sa_flags=0x10000004
SIGQUIT: [libjvm.so+0x5e2ba0], sa_mask[0]=0x7ffbfeff, sa_flags=0x10000004


---------------  S Y S T E M  ---------------

OS:squeeze/sid

uname:Linux 2.6.35-32-generic #64-Ubuntu SMP Mon Jan 2 23:31:33 UTC 2012 i686
libc:glibc 2.12.1 NPTL 2.12.1 
rlimit: STACK 8192k, CORE 0k, NPROC infinity, NOFILE 8192, AS infinity
load average:0.00 0.01 0.05

/proc/meminfo:
MemTotal:        1990380 kB
MemFree:          132476 kB
Buffers:           91936 kB
Cached:           589252 kB
SwapCached:            8 kB
Active:           935244 kB
Inactive:         651172 kB
Active(anon):     653852 kB
Inactive(anon):   261276 kB
Active(file):     281392 kB
Inactive(file):   389896 kB
Unevictable:          76 kB
Mlocked:              76 kB
HighTotal:       1116592 kB
HighFree:           1584 kB
LowTotal:         873788 kB
LowFree:          130892 kB
SwapTotal:       2048724 kB
SwapFree:        2048716 kB
Dirty:               840 kB
Writeback:             0 kB
AnonPages:        905296 kB
Mapped:           215024 kB
Shmem:              9900 kB
Slab:              47496 kB
SReclaimable:      32284 kB
SUnreclaim:        15212 kB
KernelStack:        3728 kB
PageTables:        13984 kB
NFS_Unstable:          0 kB
Bounce:                0 kB
WritebackTmp:          0 kB
CommitLimit:     3043912 kB
Committed_AS:    3119140 kB
VmallocTotal:     122880 kB
VmallocUsed:       39880 kB
VmallocChunk:      75636 kB
HardwareCorrupted:     0 kB
HugePages_Total:       0
HugePages_Free:        0
HugePages_Rsvd:        0
HugePages_Surp:        0
Hugepagesize:       4096 kB
DirectMap4k:       12280 kB
DirectMap4M:      897024 kB


CPU:total 2 (2 cores per cpu, 1 threads per core) family 6 model 23 stepping 10, cmov, cx8, fxsr, mmx, sse, sse2, sse3, ssse3, sse4.1

/proc/cpuinfo:
processor	: 0
vendor_id	: GenuineIntel
cpu family	: 6
model		: 23
model name	: Intel(R) Core(TM)2 Duo CPU     P8800  @ 2.66GHz
stepping	: 10
cpu MHz		: 2667.000
cache size	: 3072 KB
physical id	: 0
siblings	: 2
core id		: 0
cpu cores	: 2
apicid		: 0
initial apicid	: 0
fdiv_bug	: no
hlt_bug		: no
f00f_bug	: no
coma_bug	: no
fpu		: yes
fpu_exception	: yes
cpuid level	: 13
wp		: yes
flags		: fpu vme de pse tsc msr pae mce cx8 apic mtrr pge mca cmov pat pse36 clflush dts acpi mmx fxsr sse sse2 ss ht tm pbe nx lm constant_tsc arch_perfmon pebs bts aperfmperf pni dtes64 monitor ds_cpl vmx smx est tm2 ssse3 cx16 xtpr pdcm sse4_1 xsave lahf_lm ida dts tpr_shadow vnmi flexpriority
bogomips	: 5319.44
clflush size	: 64
cache_alignment	: 64
address sizes	: 36 bits physical, 48 bits virtual
power management:

processor	: 1
vendor_id	: GenuineIntel
cpu family	: 6
model		: 23
model name	: Intel(R) Core(TM)2 Duo CPU     P8800  @ 2.66GHz
stepping	: 10
cpu MHz		: 2667.000
cache size	: 3072 KB
physical id	: 0
siblings	: 2
core id		: 1
cpu cores	: 2
apicid		: 1
initial apicid	: 1
fdiv_bug	: no
hlt_bug		: no
f00f_bug	: no
coma_bug	: no
fpu		: yes
fpu_exception	: yes
cpuid level	: 13
wp		: yes
flags		: fpu vme de pse tsc msr pae mce cx8 apic mtrr pge mca cmov pat pse36 clflush dts acpi mmx fxsr sse sse2 ss ht tm pbe nx lm constant_tsc arch_perfmon pebs bts aperfmperf pni dtes64 monitor ds_cpl vmx smx est tm2 ssse3 cx16 xtpr pdcm sse4_1 xsave lahf_lm ida dts tpr_shadow vnmi flexpriority
bogomips	: 5319.96
clflush size	: 64
cache_alignment	: 64
address sizes	: 36 bits physical, 48 bits virtual
power management:



Memory: 4k page, physical 1990380k(132476k free), swap 2048724k(2048716k free)

vm_info: Java HotSpot(TM) Server VM (20.0-b11) for linux-x86 JRE (1.6.0_25-b06), built on Apr 14 2011 01:12:39 by "java_re" with gcc 3.2.1-7a (J2SE release)

time: Sun Mar  4 22:54:37 2012
elapsed time: 0 seconds

